[{"line":2,"elements":[{"line":3,"name":"","description":"","type":"background","keyword":"Background","steps":[{"result":{"error_message":"io.cucumber.core.exception.CucumberException: Failed to instantiate class stepDefinitions.StepDefinitions\r\n\tat io.cucumber.core.backend.DefaultObjectFactory.cacheNewInstance(DefaultObjectFactory.java:67)\r\n\tat io.cucumber.core.backend.DefaultObjectFactory.getInstance(DefaultObjectFactory.java:45)\r\n\tat io.cucumber.java.AbstractGlueDefinition.invokeMethod(AbstractGlueDefinition.java:47)\r\n\tat io.cucumber.java.JavaStepDefinition.execute(JavaStepDefinition.java:29)\r\n\tat io.cucumber.core.runner.CoreStepDefinition.execute(CoreStepDefinition.java:66)\r\n\tat io.cucumber.core.runner.PickleStepDefinitionMatch.runStep(PickleStepDefinitionMatch.java:63)\r\n\tat io.cucumber.core.runner.ExecutionMode$1.execute(ExecutionMode.java:10)\r\n\tat io.cucumber.core.runner.TestStep.executeStep(TestStep.java:86)\r\n\tat io.cucumber.core.runner.TestStep.run(TestStep.java:57)\r\n\tat io.cucumber.core.runner.PickleStepTestStep.run(PickleStepTestStep.java:51)\r\n\tat io.cucumber.core.runner.TestCase.run(TestCase.java:95)\r\n\tat io.cucumber.core.runner.Runner.runPickle(Runner.java:75)\r\n\tat io.cucumber.junit.PickleRunners$NoStepDescriptions.lambda$run$0(PickleRunners.java:151)\r\n\tat io.cucumber.core.runtime.CucumberExecutionContext.lambda$runTestCase$3(CucumberExecutionContext.java:151)\r\n\tat io.cucumber.core.runtime.RethrowingThrowableCollector.executeAndThrow(RethrowingThrowableCollector.java:23)\r\n\tat io.cucumber.core.runtime.CucumberExecutionContext.runTestCase(CucumberExecutionContext.java:151)\r\n\tat io.cucumber.junit.PickleRunners$NoStepDescriptions.run(PickleRunners.java:148)\r\n\tat io.cucumber.junit.FeatureRunner.runChild(FeatureRunner.java:144)\r\n\tat io.cucumber.junit.FeatureRunner.runChild(FeatureRunner.java:28)\r\n\tat org.junit.runners.ParentRunner$3.run(ParentRunner.java:290)\r\n\tat org.junit.runners.ParentRunner$1.schedule(ParentRunner.java:71)\r\n\tat org.junit.runners.ParentRunner.runChildren(ParentRunner.java:288)\r\n\tat org.junit.runners.ParentRunner.access$000(ParentRunner.java:58)\r\n\tat org.junit.runners.ParentRunner$2.evaluate(ParentRunner.java:268)\r\n\tat org.junit.runners.ParentRunner.run(ParentRunner.java:363)\r\n\tat io.cucumber.junit.FeatureRunner.run(FeatureRunner.java:137)\r\n\tat io.cucumber.junit.Cucumber.runChild(Cucumber.java:196)\r\n\tat io.cucumber.junit.Cucumber.runChild(Cucumber.java:89)\r\n\tat org.junit.runners.ParentRunner$3.run(ParentRunner.java:290)\r\n\tat org.junit.runners.ParentRunner$1.schedule(ParentRunner.java:71)\r\n\tat org.junit.runners.ParentRunner.runChildren(ParentRunner.java:288)\r\n\tat org.junit.runners.ParentRunner.access$000(ParentRunner.java:58)\r\n\tat org.junit.runners.ParentRunner$2.evaluate(ParentRunner.java:268)\r\n\tat io.cucumber.junit.Cucumber$RunBeforeAllHooks.evaluate(Cucumber.java:266)\r\n\tat io.cucumber.junit.Cucumber$RunAfterAllHooks.evaluate(Cucumber.java:281)\r\n\tat io.cucumber.junit.Cucumber$StartTestRun.evaluate(Cucumber.java:233)\r\n\tat io.cucumber.junit.Cucumber$FinishTestRun.evaluate(Cucumber.java:248)\r\n\tat org.junit.runners.ParentRunner.run(ParentRunner.java:363)\r\n\tat org.junit.runner.JUnitCore.run(JUnitCore.java:137)\r\n\tat com.intellij.junit4.JUnit4IdeaTestRunner.startRunnerWithArgs(JUnit4IdeaTestRunner.java:69)\r\n\tat com.intellij.rt.junit.IdeaTestRunner$Repeater$1.execute(IdeaTestRunner.java:38)\r\n\tat com.intellij.rt.execution.junit.TestsRepeater.repeat(TestsRepeater.java:11)\r\n\tat com.intellij.rt.junit.IdeaTestRunner$Repeater.startRunnerWithArgs(IdeaTestRunner.java:35)\r\n\tat com.intellij.rt.junit.JUnitStarter.prepareStreamsAndStart(JUnitStarter.java:232)\r\n\tat com.intellij.rt.junit.JUnitStarter.main(JUnitStarter.java:55)\r\nCaused by: java.lang.reflect.InvocationTargetException\r\n\tat java.base/jdk.internal.reflect.DirectConstructorHandleAccessor.newInstance(DirectConstructorHandleAccessor.java:74)\r\n\tat java.base/java.lang.reflect.Constructor.newInstanceWithCaller(Constructor.java:502)\r\n\tat java.base/java.lang.reflect.Constructor.newInstance(Constructor.java:486)\r\n\tat io.cucumber.core.backend.DefaultObjectFactory.cacheNewInstance(DefaultObjectFactory.java:53)\r\n\t... 44 more\r\nCaused by: org.openqa.selenium.remote.http.ConnectionFailedException: Unable to establish websocket connection to http://localhost:51559/devtools/browser/2175cab3-7297-435f-8b76-c3e0fbef34f5\nBuild info: version: '4.7.1', revision: 'c6795baf1a3'\nSystem info: os.name: 'Windows 11', os.arch: 'amd64', os.version: '10.0', java.version: '21.0.1'\nDriver info: driver.version: Driver\r\n\tat org.openqa.selenium.remote.http.netty.NettyWebSocket.<init>(NettyWebSocket.java:102)\r\n\tat org.openqa.selenium.remote.http.netty.NettyWebSocket.lambda$create$3(NettyWebSocket.java:128)\r\n\tat org.openqa.selenium.remote.http.netty.NettyClient.openSocket(NettyClient.java:107)\r\n\tat org.openqa.selenium.devtools.Connection.<init>(Connection.java:78)\r\n\tat org.openqa.selenium.chromium.ChromiumDriver.lambda$new$2(ChromiumDriver.java:116)\r\n\tat java.base/java.util.Optional.map(Optional.java:260)\r\n\tat org.openqa.selenium.chromium.ChromiumDriver.<init>(ChromiumDriver.java:114)\r\n\tat org.openqa.selenium.chrome.ChromeDriver.<init>(ChromeDriver.java:81)\r\n\tat org.openqa.selenium.chrome.ChromeDriver.<init>(ChromeDriver.java:49)\r\n\tat utilities.Driver.getDriver(Driver.java:41)\r\n\tat pages.HomePage.<init>(HomePage.java:10)\r\n\tat stepDefinitions.StepDefinitions.<init>(StepDefinitions.java:19)\r\n\tat java.base/jdk.internal.reflect.DirectConstructorHandleAccessor.newInstance(DirectConstructorHandleAccessor.java:62)\r\n\t... 47 more\r\n","duration":3536874900,"status":"failed"},"line":4,"name":"user navigates to the URL","match":{"location":"stepDefinitions.StepDefinitions.user_navigates_to_the_url()"},"keyword":"When "},{"result":{"status":"skipped"},"line":5,"name":"user enters username to login","match":{"location":"stepDefinitions.StepDefinitions.user_enters_username_to_login()"},"keyword":"Then "},{"result":{"status":"skipped"},"line":6,"name":"user enters password to login","match":{"location":"stepDefinitions.StepDefinitions.user_enters_password_to_login()"},"keyword":"Then "},{"result":{"status":"skipped"},"line":7,"name":"user enters login button","match":{"location":"stepDefinitions.StepDefinitions.user_enters_login_button()"},"keyword":"And "}]},{"start_timestamp":"2024-05-22T19:53:06.197Z","line":9,"name":"As a user I can buy product(s) and give an order","description":"","id":"user-should-be-able-to-do-shopping;as-a-user-i-can-buy-product(s)-and-give-an-order","type":"scenario","keyword":"Scenario","steps":[{"result":{"status":"skipped"},"line":11,"name":"user adds products to cart","match":{"location":"stepDefinitions.StepDefinitions.user_adds_products_to_cart()"},"keyword":"Then "},{"result":{"status":"skipped"},"line":12,"name":"user goes to cart","match":{"location":"stepDefinitions.StepDefinitions.user_goes_to_cart()"},"keyword":"Then "},{"result":{"status":"skipped"},"line":13,"name":"user clicks on the checkout button","match":{"location":"stepDefinitions.StepDefinitions.user_clicks_on_the_checkout_button()"},"keyword":"And "},{"result":{"status":"skipped"},"line":14,"name":"user enters the necessary information and continues","match":{"location":"stepDefinitions.StepDefinitions.user_enters_the_necessary_information_and_continues()"},"keyword":"Given "},{"result":{"status":"skipped"},"line":15,"name":"user checks the informations and products are added correctly","match":{"location":"stepDefinitions.StepDefinitions.user_checks_the_informations_and_products_are_added_correctly()"},"keyword":"Then "},{"result":{"duration":997500,"status":"skipped"},"line":16,"name":"user clicks on the finish button","match":{"location":"stepDefinitions.StepDefinitions.user_clicks_on_the_finish_button()"},"keyword":"Then "},{"result":{"status":"skipped"},"line":17,"name":"user clicks on the back home button","match":{"location":"stepDefinitions.StepDefinitions.user_clicks_on_the_back_home_button()"},"keyword":"And "},{"result":{"status":"skipped"},"line":18,"name":"user verifies the homepage","match":{"location":"stepDefinitions.StepDefinitions.user_verifies_the_homepage()"},"keyword":"Then "},{"result":{"status":"skipped"},"line":19,"name":"closes the app","match":{"location":"stepDefinitions.StepDefinitions.closes_the_app()"},"keyword":"And "}],"tags":[{"name":"@wip"}]},{"line":3,"name":"","description":"","type":"background","keyword":"Background","steps":[{"result":{"error_message":"io.cucumber.core.exception.CucumberException: Failed to instantiate class stepDefinitions.StepDefinitions\r\n\tat io.cucumber.core.backend.DefaultObjectFactory.cacheNewInstance(DefaultObjectFactory.java:67)\r\n\tat io.cucumber.core.backend.DefaultObjectFactory.getInstance(DefaultObjectFactory.java:45)\r\n\tat io.cucumber.java.AbstractGlueDefinition.invokeMethod(AbstractGlueDefinition.java:47)\r\n\tat io.cucumber.java.JavaStepDefinition.execute(JavaStepDefinition.java:29)\r\n\tat io.cucumber.core.runner.CoreStepDefinition.execute(CoreStepDefinition.java:66)\r\n\tat io.cucumber.core.runner.PickleStepDefinitionMatch.runStep(PickleStepDefinitionMatch.java:63)\r\n\tat io.cucumber.core.runner.ExecutionMode$1.execute(ExecutionMode.java:10)\r\n\tat io.cucumber.core.runner.TestStep.executeStep(TestStep.java:86)\r\n\tat io.cucumber.core.runner.TestStep.run(TestStep.java:57)\r\n\tat io.cucumber.core.runner.PickleStepTestStep.run(PickleStepTestStep.java:51)\r\n\tat io.cucumber.core.runner.TestCase.run(TestCase.java:95)\r\n\tat io.cucumber.core.runner.Runner.runPickle(Runner.java:75)\r\n\tat io.cucumber.junit.PickleRunners$NoStepDescriptions.lambda$run$0(PickleRunners.java:151)\r\n\tat io.cucumber.core.runtime.CucumberExecutionContext.lambda$runTestCase$3(CucumberExecutionContext.java:151)\r\n\tat io.cucumber.core.runtime.RethrowingThrowableCollector.executeAndThrow(RethrowingThrowableCollector.java:23)\r\n\tat io.cucumber.core.runtime.CucumberExecutionContext.runTestCase(CucumberExecutionContext.java:151)\r\n\tat io.cucumber.junit.PickleRunners$NoStepDescriptions.run(PickleRunners.java:148)\r\n\tat io.cucumber.junit.FeatureRunner.runChild(FeatureRunner.java:144)\r\n\tat io.cucumber.junit.FeatureRunner.runChild(FeatureRunner.java:28)\r\n\tat org.junit.runners.ParentRunner$3.run(ParentRunner.java:290)\r\n\tat org.junit.runners.ParentRunner$1.schedule(ParentRunner.java:71)\r\n\tat org.junit.runners.ParentRunner.runChildren(ParentRunner.java:288)\r\n\tat org.junit.runners.ParentRunner.access$000(ParentRunner.java:58)\r\n\tat org.junit.runners.ParentRunner$2.evaluate(ParentRunner.java:268)\r\n\tat org.junit.runners.ParentRunner.run(ParentRunner.java:363)\r\n\tat io.cucumber.junit.FeatureRunner.run(FeatureRunner.java:137)\r\n\tat io.cucumber.junit.Cucumber.runChild(Cucumber.java:196)\r\n\tat io.cucumber.junit.Cucumber.runChild(Cucumber.java:89)\r\n\tat org.junit.runners.ParentRunner$3.run(ParentRunner.java:290)\r\n\tat org.junit.runners.ParentRunner$1.schedule(ParentRunner.java:71)\r\n\tat org.junit.runners.ParentRunner.runChildren(ParentRunner.java:288)\r\n\tat org.junit.runners.ParentRunner.access$000(ParentRunner.java:58)\r\n\tat org.junit.runners.ParentRunner$2.evaluate(ParentRunner.java:268)\r\n\tat io.cucumber.junit.Cucumber$RunBeforeAllHooks.evaluate(Cucumber.java:266)\r\n\tat io.cucumber.junit.Cucumber$RunAfterAllHooks.evaluate(Cucumber.java:281)\r\n\tat io.cucumber.junit.Cucumber$StartTestRun.evaluate(Cucumber.java:233)\r\n\tat io.cucumber.junit.Cucumber$FinishTestRun.evaluate(Cucumber.java:248)\r\n\tat org.junit.runners.ParentRunner.run(ParentRunner.java:363)\r\n\tat org.junit.runner.JUnitCore.run(JUnitCore.java:137)\r\n\tat com.intellij.junit4.JUnit4IdeaTestRunner.startRunnerWithArgs(JUnit4IdeaTestRunner.java:69)\r\n\tat com.intellij.rt.junit.IdeaTestRunner$Repeater$1.execute(IdeaTestRunner.java:38)\r\n\tat com.intellij.rt.execution.junit.TestsRepeater.repeat(TestsRepeater.java:11)\r\n\tat com.intellij.rt.junit.IdeaTestRunner$Repeater.startRunnerWithArgs(IdeaTestRunner.java:35)\r\n\tat com.intellij.rt.junit.JUnitStarter.prepareStreamsAndStart(JUnitStarter.java:232)\r\n\tat com.intellij.rt.junit.JUnitStarter.main(JUnitStarter.java:55)\r\nCaused by: java.lang.reflect.InvocationTargetException\r\n\tat java.base/jdk.internal.reflect.DirectConstructorHandleAccessor.newInstance(DirectConstructorHandleAccessor.java:74)\r\n\tat java.base/java.lang.reflect.Constructor.newInstanceWithCaller(Constructor.java:502)\r\n\tat java.base/java.lang.reflect.Constructor.newInstance(Constructor.java:486)\r\n\tat io.cucumber.core.backend.DefaultObjectFactory.cacheNewInstance(DefaultObjectFactory.java:53)\r\n\t... 44 more\r\nCaused by: org.openqa.selenium.remote.http.ConnectionFailedException: Unable to establish websocket connection to http://localhost:51571/devtools/browser/27af3c7a-cfa9-447f-9a32-f13deb6ccd83\nBuild info: version: '4.7.1', revision: 'c6795baf1a3'\nSystem info: os.name: 'Windows 11', os.arch: 'amd64', os.version: '10.0', java.version: '21.0.1'\nDriver info: driver.version: Driver\r\n\tat org.openqa.selenium.remote.http.netty.NettyWebSocket.<init>(NettyWebSocket.java:102)\r\n\tat org.openqa.selenium.remote.http.netty.NettyWebSocket.lambda$create$3(NettyWebSocket.java:128)\r\n\tat org.openqa.selenium.remote.http.netty.NettyClient.openSocket(NettyClient.java:107)\r\n\tat org.openqa.selenium.devtools.Connection.<init>(Connection.java:78)\r\n\tat org.openqa.selenium.chromium.ChromiumDriver.lambda$new$2(ChromiumDriver.java:116)\r\n\tat java.base/java.util.Optional.map(Optional.java:260)\r\n\tat org.openqa.selenium.chromium.ChromiumDriver.<init>(ChromiumDriver.java:114)\r\n\tat org.openqa.selenium.chrome.ChromeDriver.<init>(ChromeDriver.java:81)\r\n\tat org.openqa.selenium.chrome.ChromeDriver.<init>(ChromeDriver.java:49)\r\n\tat utilities.Driver.getDriver(Driver.java:41)\r\n\tat pages.HomePage.<init>(HomePage.java:10)\r\n\tat stepDefinitions.StepDefinitions.<init>(StepDefinitions.java:19)\r\n\tat java.base/jdk.internal.reflect.DirectConstructorHandleAccessor.newInstance(DirectConstructorHandleAccessor.java:62)\r\n\t... 47 more\r\n","duration":856455700,"status":"failed"},"line":4,"name":"user navigates to the URL","match":{"location":"stepDefinitions.StepDefinitions.user_navigates_to_the_url()"},"keyword":"When "},{"result":{"status":"skipped"},"line":5,"name":"user enters username to login","match":{"location":"stepDefinitions.StepDefinitions.user_enters_username_to_login()"},"keyword":"Then "},{"result":{"status":"skipped"},"line":6,"name":"user enters password to login","match":{"location":"stepDefinitions.StepDefinitions.user_enters_password_to_login()"},"keyword":"Then "},{"result":{"duration":999600,"status":"skipped"},"line":7,"name":"user enters login button","match":{"location":"stepDefinitions.StepDefinitions.user_enters_login_button()"},"keyword":"And "}]},{"start_timestamp":"2024-05-22T19:53:09.846Z","line":21,"name":"As a user I can buy product(s) and leave ordering","description":"","id":"user-should-be-able-to-do-shopping;as-a-user-i-can-buy-product(s)-and-leave-ordering","type":"scenario","keyword":"Scenario","steps":[{"result":{"status":"skipped"},"line":23,"name":"user adds products to cart","match":{"location":"stepDefinitions.StepDefinitions.user_adds_products_to_cart()"},"keyword":"Then "},{"result":{"status":"skipped"},"line":24,"name":"user goes to cart","match":{"location":"stepDefinitions.StepDefinitions.user_goes_to_cart()"},"keyword":"Then "},{"result":{"duration":996100,"status":"skipped"},"line":25,"name":"user clicks on the checkout button","match":{"location":"stepDefinitions.StepDefinitions.user_clicks_on_the_checkout_button()"},"keyword":"And "},{"result":{"status":"skipped"},"line":26,"name":"user enters the necessary information and continues","match":{"location":"stepDefinitions.StepDefinitions.user_enters_the_necessary_information_and_continues()"},"keyword":"Given "},{"result":{"status":"skipped"},"line":27,"name":"user checks the informations and products are added correctly","match":{"location":"stepDefinitions.StepDefinitions.user_checks_the_informations_and_products_are_added_correctly()"},"keyword":"Then "},{"result":{"duration":999200,"status":"skipped"},"line":28,"name":"user clicks on the cancel button","match":{"location":"stepDefinitions.StepDefinitions.user_clicks_on_the_cancel_button()"},"keyword":"Then "},{"result":{"status":"skipped"},"line":29,"name":"closes the app","match":{"location":"stepDefinitions.StepDefinitions.closes_the_app()"},"keyword":"And "}],"tags":[{"name":"@wip"}]}],"name":"User should be able to do shopping","description":"","id":"user-should-be-able-to-do-shopping","keyword":"Feature","uri":"file:src/test/resources/features/shopping.feature","tags":[{"name":"@wip","type":"Tag","location":{"line":1,"column":1}}]}]